2,4c2,12
<                  *                      |                                       
<                                         | *                                     
<                                         |                          *            
---
>                     * *                 |     **                       **       
>                                         |    *  *                     *  *      
>                    *   *                |                                       
>                                         |   *                        *          
>                         *               |        *                        *     
>                   *                     |                                       
>                                         |  *                        *           
>                                         |                                  *    
>                          *              |         *                             
> *                *                      |                                       
>                                         | *                        *            
6,7c14,15
<                                         |          *                            
<  *                        *             |                                       
---
>                           *             |          *                            
>  *                                      |                                       
9,10c17
<                                         |*                                      
<                                         |                         *             
---
>                                         |*                        *             
12,13c19
<                                         |           *                           
<                            *            |                                       
---
>                            *            |           *                           
15,19c21,24
<                *                        |                                       
<                                         *                        *              
<                                         |                                       
<                                         |            *                        * 
<                             *           |                                       
---
> _______________*________________________*_______________________________________
>                                         |                        *              
>                                         |                                     * 
>                             *           |            *                          
21,22c26
< ______________*_________________________|______________________________________ 
<                                        *|                                       
---
>               *                        *|                                       
24c28
<                                         |                                       
---
>                                         |                                      *
27,28c31
<              *                          |                                       
<                                       * |                                       
---
>              *                        * |                                       
30,31c33
<                                         |              *                        
<                               *         |                                       
---
>                               *         |              *                        
35,36c37
<                                         |               *                       
<       *                        *        |                                       
---
>       *                        *        |               *                       
38,41c39,41
<                                         |                    *                  
<                                 *       |                *                      
<        *  *                        *    |                   *                   
<         **                       **                       **                    
---
>                                         |                *   *                  
>        *  *                     *  *    |                                       
>         **                       **     |                 ***                   
