RPN Plotter.
                 *                      |                                       
                                        | *                                     
                                        |                          *            
                                        |                                   *   
                                        |          *                            
 *                        *             |                                       
                *                       |                                       
                                        |*                                      
                                        |                         *             
                                        |                                    *  
                                        |           *                           
                           *            |                                       
  *                                     |                                       
               *                        |                                       
                                        *                        *              
                                        |                                       
                                        |            *                        * 
                            *           |                                       
   *                                    |                                       
______________*_________________________|______________________________________ 
                                       *|                                       
                                        |                       *               
                                        |                                       
                             *          |             *                         
    *                                   |                                       
             *                          |                                       
                                      * |                                       
                                        |                      *                
                                        |              *                        
                              *         |                                       
     *                                  |                                       
            *                        *  |                                       
                                        |                     *                 
                                        |               *                       
      *                        *        |                                       
           *                        *   |                                       
                                        |                    *                  
                                *       |                *                      
       *  *                        *    |                   *                   
        **                       **                       **                    
